{"/home/travis/build/npmtest/node-npmtest-sandbox2/test.js":{"path":"/home/travis/build/npmtest/node-npmtest-sandbox2/test.js","s":{"1":2,"2":2,"3":2,"4":2,"5":2,"6":2,"7":2,"8":1,"9":2,"10":2,"11":2},"b":{"1":[2,1,1,1],"2":[1,1,1,1],"3":[1,1],"4":[2,1]},"f":{"1":2,"2":2,"3":2},"fnMap":{"1":{"name":"(anonymous_1)","line":13,"loc":{"start":{"line":13,"column":1},"end":{"line":13,"column":13}}},"2":{"name":"(anonymous_2)","line":20,"loc":{"start":{"line":20,"column":5},"end":{"line":20,"column":17}}},"3":{"name":"(anonymous_3)","line":24,"loc":{"start":{"line":24,"column":24},"end":{"line":24,"column":36}}}},"statementMap":{"1":{"start":{"line":13,"column":0},"end":{"line":47,"column":5}},"2":{"start":{"line":15,"column":4},"end":{"line":15,"column":14}},"3":{"start":{"line":20,"column":4},"end":{"line":46,"column":9}},"4":{"start":{"line":22,"column":8},"end":{"line":22,"column":19}},"5":{"start":{"line":24,"column":8},"end":{"line":36,"column":13}},"6":{"start":{"line":25,"column":12},"end":{"line":35,"column":13}},"7":{"start":{"line":26,"column":16},"end":{"line":29,"column":30}},"8":{"start":{"line":31,"column":16},"end":{"line":34,"column":27}},"9":{"start":{"line":38,"column":8},"end":{"line":40,"column":21}},"10":{"start":{"line":42,"column":8},"end":{"line":43,"column":49}},"11":{"start":{"line":45,"column":8},"end":{"line":45,"column":33}}},"branchMap":{"1":{"line":26,"type":"binary-expr","locations":[{"start":{"line":26,"column":23},"end":{"line":26,"column":62}},{"start":{"line":27,"column":20},"end":{"line":27,"column":70}},{"start":{"line":28,"column":20},"end":{"line":28,"column":71}},{"start":{"line":29,"column":20},"end":{"line":29,"column":29}}]},"2":{"line":31,"type":"binary-expr","locations":[{"start":{"line":31,"column":23},"end":{"line":31,"column":37}},{"start":{"line":32,"column":20},"end":{"line":32,"column":61}},{"start":{"line":33,"column":20},"end":{"line":33,"column":70}},{"start":{"line":34,"column":20},"end":{"line":34,"column":26}}]},"3":{"line":38,"type":"cond-expr","locations":[{"start":{"line":39,"column":14},"end":{"line":39,"column":20}},{"start":{"line":40,"column":14},"end":{"line":40,"column":20}}]},"4":{"line":42,"type":"binary-expr","locations":[{"start":{"line":42,"column":38},"end":{"line":42,"column":59}},{"start":{"line":43,"column":12},"end":{"line":43,"column":31}}]}},"code":["/* istanbul instrument in package npmtest_sandbox2 */","/* jslint-utility2 */","/*jslint","    bitwise: true,","    browser: true,","    maxerr: 4,","    maxlen: 100,","    node: true,","    nomen: true,","    regexp: true,","    stupid: true","*/","(function () {","    'use strict';","    var local;","","","","    // run shared js-env code - init-before","    (function () {","        // init local","        local = {};","        // init modeJs","        local.modeJs = (function () {","            try {","                return typeof navigator.userAgent === 'string' &&","                    typeof document.querySelector('body') === 'object' &&","                    typeof XMLHttpRequest.prototype.open === 'function' &&","                    'browser';","            } catch (errorCaughtBrowser) {","                return module.exports &&","                    typeof process.versions.node === 'string' &&","                    typeof require('http').createServer === 'function' &&","                    'node';","            }","        }());","        // init global","        local.global = local.modeJs === 'browser'","            ? window","            : global;","        // re-init local","        local = local.global.local = (local.global.utility2 ||","            require('utility2')).requireReadme();","        // init test","        local.testRunInit(local);","    }());","}());",""],"l":{"13":2,"15":2,"20":2,"22":2,"24":2,"25":2,"26":2,"31":1,"38":2,"42":2,"45":2}},"/home/travis/build/npmtest/node-npmtest-sandbox2/lib.npmtest_sandbox2.js":{"path":"/home/travis/build/npmtest/node-npmtest-sandbox2/lib.npmtest_sandbox2.js","s":{"1":2,"2":2,"3":2,"4":2,"5":2,"6":2,"7":2,"8":1,"9":2,"10":2,"11":2,"12":0,"13":0,"14":2,"15":1,"16":1,"17":1,"18":1,"19":1,"20":1,"21":1,"22":1,"23":1,"24":1,"25":1,"26":1,"27":1,"28":1,"29":1,"30":1,"31":1,"32":1,"33":1,"34":1,"35":1,"36":1,"37":1,"38":1,"39":1,"40":1,"41":1,"42":1,"43":1,"44":1,"45":1,"46":1,"47":1,"48":1,"49":1,"50":2,"51":2,"52":1,"53":1,"54":1,"55":1},"b":{"1":[2,1,1,1],"2":[1,1,1,1],"3":[1,1],"4":[2,2],"5":[0,2],"6":[0,0,0],"7":[1,1],"8":[1,1]},"f":{"1":2,"2":2,"3":2},"fnMap":{"1":{"name":"(anonymous_1)","line":13,"loc":{"start":{"line":13,"column":1},"end":{"line":13,"column":13}}},"2":{"name":"(anonymous_2)","line":20,"loc":{"start":{"line":20,"column":5},"end":{"line":20,"column":17}}},"3":{"name":"(anonymous_3)","line":24,"loc":{"start":{"line":24,"column":24},"end":{"line":24,"column":36}}}},"statementMap":{"1":{"start":{"line":13,"column":0},"end":{"line":103,"column":5}},"2":{"start":{"line":15,"column":4},"end":{"line":15,"column":14}},"3":{"start":{"line":20,"column":4},"end":{"line":102,"column":9}},"4":{"start":{"line":22,"column":8},"end":{"line":22,"column":19}},"5":{"start":{"line":24,"column":8},"end":{"line":36,"column":13}},"6":{"start":{"line":25,"column":12},"end":{"line":35,"column":13}},"7":{"start":{"line":26,"column":16},"end":{"line":29,"column":30}},"8":{"start":{"line":31,"column":16},"end":{"line":34,"column":27}},"9":{"start":{"line":38,"column":8},"end":{"line":40,"column":21}},"10":{"start":{"line":42,"column":8},"end":{"line":42,"column":54}},"11":{"start":{"line":44,"column":8},"end":{"line":49,"column":9},"skip":true},"12":{"start":{"line":45,"column":12},"end":{"line":47,"column":55},"skip":true},"13":{"start":{"line":48,"column":12},"end":{"line":48,"column":28},"skip":true},"14":{"start":{"line":51,"column":8},"end":{"line":91,"column":9}},"15":{"start":{"line":52,"column":12},"end":{"line":52,"column":59}},"16":{"start":{"line":56,"column":12},"end":{"line":56,"column":45}},"17":{"start":{"line":57,"column":12},"end":{"line":57,"column":59}},"18":{"start":{"line":58,"column":12},"end":{"line":58,"column":47}},"19":{"start":{"line":59,"column":12},"end":{"line":59,"column":47}},"20":{"start":{"line":60,"column":12},"end":{"line":60,"column":51}},"21":{"start":{"line":61,"column":12},"end":{"line":61,"column":45}},"22":{"start":{"line":62,"column":12},"end":{"line":62,"column":43}},"23":{"start":{"line":63,"column":12},"end":{"line":63,"column":39}},"24":{"start":{"line":64,"column":12},"end":{"line":64,"column":45}},"25":{"start":{"line":65,"column":12},"end":{"line":65,"column":45}},"26":{"start":{"line":66,"column":12},"end":{"line":66,"column":37}},"27":{"start":{"line":67,"column":12},"end":{"line":67,"column":41}},"28":{"start":{"line":68,"column":12},"end":{"line":68,"column":43}},"29":{"start":{"line":69,"column":12},"end":{"line":69,"column":45}},"30":{"start":{"line":70,"column":12},"end":{"line":70,"column":39}},"31":{"start":{"line":71,"column":12},"end":{"line":71,"column":37}},"32":{"start":{"line":72,"column":12},"end":{"line":72,"column":41}},"33":{"start":{"line":73,"column":12},"end":{"line":73,"column":47}},"34":{"start":{"line":74,"column":12},"end":{"line":74,"column":49}},"35":{"start":{"line":75,"column":12},"end":{"line":75,"column":55}},"36":{"start":{"line":76,"column":12},"end":{"line":76,"column":49}},"37":{"start":{"line":77,"column":12},"end":{"line":77,"column":41}},"38":{"start":{"line":78,"column":12},"end":{"line":78,"column":45}},"39":{"start":{"line":79,"column":12},"end":{"line":79,"column":61}},"40":{"start":{"line":80,"column":12},"end":{"line":80,"column":45}},"41":{"start":{"line":81,"column":12},"end":{"line":81,"column":39}},"42":{"start":{"line":82,"column":12},"end":{"line":82,"column":39}},"43":{"start":{"line":83,"column":12},"end":{"line":83,"column":39}},"44":{"start":{"line":84,"column":12},"end":{"line":84,"column":41}},"45":{"start":{"line":85,"column":12},"end":{"line":85,"column":37}},"46":{"start":{"line":86,"column":12},"end":{"line":86,"column":37}},"47":{"start":{"line":87,"column":12},"end":{"line":87,"column":41}},"48":{"start":{"line":89,"column":12},"end":{"line":89,"column":35}},"49":{"start":{"line":90,"column":12},"end":{"line":90,"column":49}},"50":{"start":{"line":93,"column":8},"end":{"line":93,"column":53}},"51":{"start":{"line":95,"column":8},"end":{"line":101,"column":9}},"52":{"start":{"line":96,"column":12},"end":{"line":96,"column":59}},"53":{"start":{"line":98,"column":12},"end":{"line":98,"column":35}},"54":{"start":{"line":99,"column":12},"end":{"line":99,"column":49}},"55":{"start":{"line":100,"column":12},"end":{"line":100,"column":43}}},"branchMap":{"1":{"line":26,"type":"binary-expr","locations":[{"start":{"line":26,"column":23},"end":{"line":26,"column":62}},{"start":{"line":27,"column":20},"end":{"line":27,"column":70}},{"start":{"line":28,"column":20},"end":{"line":28,"column":71}},{"start":{"line":29,"column":20},"end":{"line":29,"column":29}}]},"2":{"line":31,"type":"binary-expr","locations":[{"start":{"line":31,"column":23},"end":{"line":31,"column":37}},{"start":{"line":32,"column":20},"end":{"line":32,"column":61}},{"start":{"line":33,"column":20},"end":{"line":33,"column":70}},{"start":{"line":34,"column":20},"end":{"line":34,"column":26}}]},"3":{"line":38,"type":"cond-expr","locations":[{"start":{"line":39,"column":14},"end":{"line":39,"column":20}},{"start":{"line":40,"column":14},"end":{"line":40,"column":20}}]},"4":{"line":42,"type":"binary-expr","locations":[{"start":{"line":42,"column":16},"end":{"line":42,"column":44}},{"start":{"line":42,"column":48},"end":{"line":42,"column":53}}]},"5":{"line":44,"type":"if","locations":[{"start":{"line":44,"column":8},"end":{"line":44,"column":8},"skip":true},{"start":{"line":44,"column":8},"end":{"line":44,"column":8},"skip":true}]},"6":{"line":45,"type":"binary-expr","locations":[{"start":{"line":45,"column":20},"end":{"line":45,"column":48},"skip":true},{"start":{"line":46,"column":16},"end":{"line":46,"column":48},"skip":true},{"start":{"line":47,"column":16},"end":{"line":47,"column":54},"skip":true}]},"7":{"line":51,"type":"if","locations":[{"start":{"line":51,"column":8},"end":{"line":51,"column":8}},{"start":{"line":51,"column":8},"end":{"line":51,"column":8}}]},"8":{"line":95,"type":"if","locations":[{"start":{"line":95,"column":8},"end":{"line":95,"column":8}},{"start":{"line":95,"column":8},"end":{"line":95,"column":8}}]}},"code":["/* istanbul instrument in package npmtest_sandbox2 */","/* jslint-utility2 */","/*jslint","    bitwise: true,","    browser: true,","    maxerr: 4,","    maxlen: 100,","    node: true,","    nomen: true,","    regexp: true,","    stupid: true","*/","(function () {","    'use strict';","    var local;","","","","    // run shared js-env code - init-before","    (function () {","        // init local","        local = {};","        // init modeJs","        local.modeJs = (function () {","            try {","                return typeof navigator.userAgent === 'string' &&","                    typeof document.querySelector('body') === 'object' &&","                    typeof XMLHttpRequest.prototype.open === 'function' &&","                    'browser';","            } catch (errorCaughtBrowser) {","                return module.exports &&","                    typeof process.versions.node === 'string' &&","                    typeof require('http').createServer === 'function' &&","                    'node';","            }","        }());","        // init global","        local.global = local.modeJs === 'browser'","            ? window","            : global;","        // init utility2_rollup","        local = local.global.utility2_rollup || local;","        /* istanbul ignore next */","        if (!local) {","            local = local.global.utility2_rollup ||","                local.global.utility2_rollup_old ||","                require('./assets.utility2.rollup.js');","            local.fs = null;","        }","        // init exports","        if (local.modeJs === 'browser') {","            local.global.utility2_npmtest_sandbox2 = local;","        } else {","            // require builtins","            // local.assert = require('assert');","            local.buffer = require('buffer');","            local.child_process = require('child_process');","            local.cluster = require('cluster');","            local.console = require('console');","            local.constants = require('constants');","            local.crypto = require('crypto');","            local.dgram = require('dgram');","            local.dns = require('dns');","            local.domain = require('domain');","            local.events = require('events');","            local.fs = require('fs');","            local.http = require('http');","            local.https = require('https');","            local.module = require('module');","            local.net = require('net');","            local.os = require('os');","            local.path = require('path');","            local.process = require('process');","            local.punycode = require('punycode');","            local.querystring = require('querystring');","            local.readline = require('readline');","            local.repl = require('repl');","            local.stream = require('stream');","            local.string_decoder = require('string_decoder');","            local.timers = require('timers');","            local.tls = require('tls');","            local.tty = require('tty');","            local.url = require('url');","            local.util = require('util');","            local.v8 = require('v8');","            local.vm = require('vm');","            local.zlib = require('zlib');","/* validateLineSortedReset */","            module.exports = local;","            module.exports.__dirname = __dirname;","        }","        // init lib","        local.local = local.npmtest_sandbox2 = local;","        // init exports","        if (local.modeJs === 'browser') {","            local.global.utility2_npmtest_sandbox2 = local;","        } else {","            module.exports = local;","            module.exports.__dirname = __dirname;","            module.exports.module = module;","        }","    }());","}());",""],"l":{"13":2,"15":2,"20":2,"22":2,"24":2,"25":2,"26":2,"31":1,"38":2,"42":2,"44":2,"45":1,"48":1,"51":2,"52":1,"56":1,"57":1,"58":1,"59":1,"60":1,"61":1,"62":1,"63":1,"64":1,"65":1,"66":1,"67":1,"68":1,"69":1,"70":1,"71":1,"72":1,"73":1,"74":1,"75":1,"76":1,"77":1,"78":1,"79":1,"80":1,"81":1,"82":1,"83":1,"84":1,"85":1,"86":1,"87":1,"89":1,"90":1,"93":2,"95":2,"96":1,"98":1,"99":1,"100":1}},"/home/travis/build/npmtest/node-npmtest-sandbox2/example.js":{"path":"/home/travis/build/npmtest/node-npmtest-sandbox2/example.js","s":{"1":2,"2":2,"3":2,"4":2,"5":2,"6":2,"7":2,"8":1,"9":2,"10":2,"11":2,"12":2,"13":1,"14":2,"15":2,"16":2,"17":2,"18":2,"19":0,"20":2,"21":1,"22":1,"23":1,"24":1,"25":1,"26":0,"27":0,"28":1,"29":1,"30":2,"31":0,"32":0,"33":0,"34":1,"35":2,"36":2,"37":27,"38":27,"39":27,"40":27,"41":0,"42":27,"43":27,"44":27,"45":1,"46":3,"47":1,"48":1,"49":1,"50":1,"51":1,"52":1,"53":1,"54":1,"55":1,"56":1,"57":1,"58":1,"59":1,"60":1,"61":1,"62":1,"63":1,"64":1,"65":1,"66":1,"67":1,"68":1,"69":1,"70":1,"71":1,"72":1,"73":1,"74":1,"75":1,"76":1,"77":1,"78":1,"79":1,"80":1,"81":1,"82":1,"83":1,"84":1,"85":1,"86":4,"87":4,"88":4,"89":0,"90":1,"91":1,"92":6,"93":1,"94":2,"95":0,"96":2,"97":1,"98":1,"99":1,"100":0,"101":0,"102":0,"103":0,"104":0,"105":0,"106":0,"107":0,"108":0,"109":0,"110":0,"111":0,"112":0,"113":0,"114":0,"115":0},"b":{"1":[2,1,1,1],"2":[1,1,1,1],"3":[1,1],"4":[2,2],"5":[1,1],"6":[1,1],"7":[2,0],"8":[2,1,1,1,1,1],"9":[0,2,0],"10":[1,1],"11":[2,1,1],"12":[1,0],"13":[0,2],"14":[2,0,0,0,0,0,0],"15":[0,27],"16":[27,0],"17":[1,1],"18":[4,3],"19":[0,4],"20":[1,1],"21":[1,2,0,2,1],"22":[1,0],"23":[1,0],"24":[0,0],"25":[0,0],"26":[0,0],"27":[0,0],"28":[0,0],"29":[0,0]},"f":{"1":2,"2":2,"3":2,"4":2,"5":2,"6":2,"7":27,"8":27,"9":3,"10":1,"11":4,"12":6,"13":0},"fnMap":{"1":{"name":"(anonymous_1)","line":28,"loc":{"start":{"line":28,"column":1},"end":{"line":28,"column":13}}},"2":{"name":"(anonymous_2)","line":35,"loc":{"start":{"line":35,"column":5},"end":{"line":35,"column":17}}},"3":{"name":"(anonymous_3)","line":39,"loc":{"start":{"line":39,"column":24},"end":{"line":39,"column":36}}},"4":{"name":"(anonymous_4)","line":70,"loc":{"start":{"line":70,"column":31},"end":{"line":70,"column":48}},"skip":true},"5":{"name":"(anonymous_5)","line":79,"loc":{"start":{"line":79,"column":26},"end":{"line":79,"column":45}},"skip":true},"6":{"name":"(anonymous_6)","line":123,"loc":{"start":{"line":123,"column":33},"end":{"line":123,"column":48}},"skip":true},"7":{"name":"(anonymous_7)","line":125,"loc":{"start":{"line":125,"column":27},"end":{"line":125,"column":39}},"skip":true},"8":{"name":"(anonymous_8)","line":133,"loc":{"start":{"line":133,"column":59},"end":{"line":133,"column":74}},"skip":true},"9":{"name":"(anonymous_9)","line":143,"loc":{"start":{"line":143,"column":45},"end":{"line":143,"column":62}},"skip":true},"10":{"name":"(anonymous_10)","line":144,"loc":{"start":{"line":144,"column":73},"end":{"line":144,"column":92}},"skip":true},"11":{"name":"(anonymous_11)","line":415,"loc":{"start":{"line":415,"column":18},"end":{"line":415,"column":34}},"skip":true},"12":{"name":"(anonymous_12)","line":435,"loc":{"start":{"line":435,"column":47},"end":{"line":435,"column":73}},"skip":true},"13":{"name":"(anonymous_13)","line":469,"loc":{"start":{"line":469,"column":32},"end":{"line":469,"column":61}},"skip":true}},"statementMap":{"1":{"start":{"line":28,"column":0},"end":{"line":480,"column":5}},"2":{"start":{"line":30,"column":4},"end":{"line":30,"column":14}},"3":{"start":{"line":35,"column":4},"end":{"line":62,"column":9}},"4":{"start":{"line":37,"column":8},"end":{"line":37,"column":19}},"5":{"start":{"line":39,"column":8},"end":{"line":51,"column":13}},"6":{"start":{"line":40,"column":12},"end":{"line":50,"column":13}},"7":{"start":{"line":41,"column":16},"end":{"line":44,"column":30}},"8":{"start":{"line":46,"column":16},"end":{"line":49,"column":27}},"9":{"start":{"line":53,"column":8},"end":{"line":55,"column":21}},"10":{"start":{"line":57,"column":8},"end":{"line":59,"column":45}},"11":{"start":{"line":61,"column":8},"end":{"line":61,"column":35}},"12":{"start":{"line":63,"column":4},"end":{"line":479,"column":5}},"13":{"start":{"line":70,"column":8},"end":{"line":121,"column":10},"skip":true},"14":{"start":{"line":71,"column":12},"end":{"line":89,"column":13},"skip":true},"15":{"start":{"line":77,"column":16},"end":{"line":88,"column":19},"skip":true},"16":{"start":{"line":80,"column":20},"end":{"line":87,"column":21},"skip":true},"17":{"start":{"line":83,"column":24},"end":{"line":83,"column":43},"skip":true},"18":{"start":{"line":84,"column":24},"end":{"line":84,"column":30},"skip":true},"19":{"start":{"line":86,"column":24},"end":{"line":86,"column":49},"skip":true},"20":{"start":{"line":90,"column":12},"end":{"line":107,"column":13},"skip":true},"21":{"start":{"line":93,"column":16},"end":{"line":102,"column":17},"skip":true},"22":{"start":{"line":94,"column":20},"end":{"line":94,"column":88},"skip":true},"23":{"start":{"line":95,"column":20},"end":{"line":95,"column":97},"skip":true},"24":{"start":{"line":96,"column":20},"end":{"line":96,"column":42},"skip":true},"25":{"start":{"line":97,"column":20},"end":{"line":97,"column":48},"skip":true},"26":{"start":{"line":100,"column":20},"end":{"line":100,"column":86},"skip":true},"27":{"start":{"line":101,"column":20},"end":{"line":101,"column":96},"skip":true},"28":{"start":{"line":103,"column":16},"end":{"line":103,"column":22},"skip":true},"29":{"start":{"line":106,"column":16},"end":{"line":106,"column":22},"skip":true},"30":{"start":{"line":108,"column":12},"end":{"line":120,"column":13},"skip":true},"31":{"start":{"line":114,"column":16},"end":{"line":119,"column":17},"skip":true},"32":{"start":{"line":116,"column":20},"end":{"line":116,"column":78},"skip":true},"33":{"start":{"line":118,"column":20},"end":{"line":118,"column":47},"skip":true},"34":{"start":{"line":123,"column":8},"end":{"line":141,"column":11},"skip":true},"35":{"start":{"line":124,"column":12},"end":{"line":124,"column":54},"skip":true},"36":{"start":{"line":125,"column":12},"end":{"line":140,"column":14},"skip":true},"37":{"start":{"line":126,"column":16},"end":{"line":126,"column":28},"skip":true},"38":{"start":{"line":127,"column":16},"end":{"line":127,"column":69},"skip":true},"39":{"start":{"line":128,"column":16},"end":{"line":128,"column":75},"skip":true},"40":{"start":{"line":129,"column":16},"end":{"line":131,"column":17},"skip":true},"41":{"start":{"line":130,"column":20},"end":{"line":130,"column":27},"skip":true},"42":{"start":{"line":133,"column":16},"end":{"line":137,"column":36},"skip":true},"43":{"start":{"line":134,"column":20},"end":{"line":136,"column":55},"skip":true},"44":{"start":{"line":139,"column":16},"end":{"line":139,"column":57},"skip":true},"45":{"start":{"line":143,"column":8},"end":{"line":147,"column":11},"skip":true},"46":{"start":{"line":144,"column":12},"end":{"line":146,"column":15},"skip":true},"47":{"start":{"line":145,"column":16},"end":{"line":145,"column":70},"skip":true},"48":{"start":{"line":149,"column":8},"end":{"line":149,"column":31},"skip":true},"49":{"start":{"line":150,"column":8},"end":{"line":150,"column":14},"skip":true},"50":{"start":{"line":158,"column":8},"end":{"line":158,"column":31},"skip":true},"51":{"start":{"line":161,"column":8},"end":{"line":161,"column":41},"skip":true},"52":{"start":{"line":162,"column":8},"end":{"line":162,"column":55},"skip":true},"53":{"start":{"line":163,"column":8},"end":{"line":163,"column":43},"skip":true},"54":{"start":{"line":164,"column":8},"end":{"line":164,"column":43},"skip":true},"55":{"start":{"line":165,"column":8},"end":{"line":165,"column":47},"skip":true},"56":{"start":{"line":166,"column":8},"end":{"line":166,"column":41},"skip":true},"57":{"start":{"line":167,"column":8},"end":{"line":167,"column":39},"skip":true},"58":{"start":{"line":168,"column":8},"end":{"line":168,"column":35},"skip":true},"59":{"start":{"line":169,"column":8},"end":{"line":169,"column":41},"skip":true},"60":{"start":{"line":170,"column":8},"end":{"line":170,"column":41},"skip":true},"61":{"start":{"line":171,"column":8},"end":{"line":171,"column":33},"skip":true},"62":{"start":{"line":172,"column":8},"end":{"line":172,"column":37},"skip":true},"63":{"start":{"line":173,"column":8},"end":{"line":173,"column":39},"skip":true},"64":{"start":{"line":174,"column":8},"end":{"line":174,"column":41},"skip":true},"65":{"start":{"line":175,"column":8},"end":{"line":175,"column":35},"skip":true},"66":{"start":{"line":176,"column":8},"end":{"line":176,"column":33},"skip":true},"67":{"start":{"line":177,"column":8},"end":{"line":177,"column":37},"skip":true},"68":{"start":{"line":178,"column":8},"end":{"line":178,"column":43},"skip":true},"69":{"start":{"line":179,"column":8},"end":{"line":179,"column":45},"skip":true},"70":{"start":{"line":180,"column":8},"end":{"line":180,"column":51},"skip":true},"71":{"start":{"line":181,"column":8},"end":{"line":181,"column":45},"skip":true},"72":{"start":{"line":182,"column":8},"end":{"line":182,"column":37},"skip":true},"73":{"start":{"line":183,"column":8},"end":{"line":183,"column":41},"skip":true},"74":{"start":{"line":184,"column":8},"end":{"line":184,"column":57},"skip":true},"75":{"start":{"line":185,"column":8},"end":{"line":185,"column":41},"skip":true},"76":{"start":{"line":186,"column":8},"end":{"line":186,"column":35},"skip":true},"77":{"start":{"line":187,"column":8},"end":{"line":187,"column":35},"skip":true},"78":{"start":{"line":188,"column":8},"end":{"line":188,"column":35},"skip":true},"79":{"start":{"line":189,"column":8},"end":{"line":189,"column":37},"skip":true},"80":{"start":{"line":190,"column":8},"end":{"line":190,"column":33},"skip":true},"81":{"start":{"line":191,"column":8},"end":{"line":191,"column":33},"skip":true},"82":{"start":{"line":192,"column":8},"end":{"line":192,"column":37},"skip":true},"83":{"start":{"line":195,"column":8},"end":{"line":195,"column":50},"skip":true},"84":{"start":{"line":197,"column":8},"end":{"line":408,"column":2},"skip":true},"85":{"start":{"line":410,"column":8},"end":{"line":424,"column":11},"skip":true},"86":{"start":{"line":416,"column":12},"end":{"line":416,"column":30},"skip":true},"87":{"start":{"line":417,"column":12},"end":{"line":417,"column":66},"skip":true},"88":{"start":{"line":418,"column":12},"end":{"line":423,"column":13},"skip":true},"89":{"start":{"line":419,"column":16},"end":{"line":422,"column":18},"skip":true},"90":{"start":{"line":428,"column":8},"end":{"line":430,"column":33},"skip":true},"91":{"start":{"line":432,"column":8},"end":{"line":448,"column":15},"skip":true},"92":{"start":{"line":436,"column":16},"end":{"line":447,"column":17},"skip":true},"93":{"start":{"line":438,"column":20},"end":{"line":438,"column":60},"skip":true},"94":{"start":{"line":440,"column":20},"end":{"line":440,"column":46},"skip":true},"95":{"start":{"line":442,"column":20},"end":{"line":442,"column":46},"skip":true},"96":{"start":{"line":444,"column":20},"end":{"line":444,"column":35},"skip":true},"97":{"start":{"line":446,"column":20},"end":{"line":446,"column":34},"skip":true},"98":{"start":{"line":450,"column":8},"end":{"line":452,"column":9},"skip":true},"99":{"start":{"line":451,"column":12},"end":{"line":451,"column":18},"skip":true},"100":{"start":{"line":453,"column":8},"end":{"line":455,"column":54},"skip":true},"101":{"start":{"line":457,"column":8},"end":{"line":457,"column":82},"skip":true},"102":{"start":{"line":460,"column":8},"end":{"line":462,"column":9},"skip":true},"103":{"start":{"line":461,"column":12},"end":{"line":461,"column":82},"skip":true},"104":{"start":{"line":464,"column":8},"end":{"line":466,"column":9},"skip":true},"105":{"start":{"line":465,"column":12},"end":{"line":465,"column":18},"skip":true},"106":{"start":{"line":467,"column":8},"end":{"line":467,"column":54},"skip":true},"107":{"start":{"line":468,"column":8},"end":{"line":468,"column":69},"skip":true},"108":{"start":{"line":469,"column":8},"end":{"line":477,"column":36},"skip":true},"109":{"start":{"line":470,"column":12},"end":{"line":470,"column":61},"skip":true},"110":{"start":{"line":471,"column":12},"end":{"line":474,"column":13},"skip":true},"111":{"start":{"line":472,"column":16},"end":{"line":472,"column":75},"skip":true},"112":{"start":{"line":473,"column":16},"end":{"line":473,"column":23},"skip":true},"113":{"start":{"line":475,"column":12},"end":{"line":475,"column":38},"skip":true},"114":{"start":{"line":476,"column":12},"end":{"line":476,"column":27},"skip":true},"115":{"start":{"line":478,"column":8},"end":{"line":478,"column":14},"skip":true}},"branchMap":{"1":{"line":41,"type":"binary-expr","locations":[{"start":{"line":41,"column":23},"end":{"line":41,"column":62}},{"start":{"line":42,"column":20},"end":{"line":42,"column":70}},{"start":{"line":43,"column":20},"end":{"line":43,"column":71}},{"start":{"line":44,"column":20},"end":{"line":44,"column":29}}]},"2":{"line":46,"type":"binary-expr","locations":[{"start":{"line":46,"column":23},"end":{"line":46,"column":37}},{"start":{"line":47,"column":20},"end":{"line":47,"column":61}},{"start":{"line":48,"column":20},"end":{"line":48,"column":70}},{"start":{"line":49,"column":20},"end":{"line":49,"column":26}}]},"3":{"line":53,"type":"cond-expr","locations":[{"start":{"line":54,"column":14},"end":{"line":54,"column":20}},{"start":{"line":55,"column":14},"end":{"line":55,"column":20}}]},"4":{"line":57,"type":"binary-expr","locations":[{"start":{"line":57,"column":16},"end":{"line":57,"column":44}},{"start":{"line":57,"column":49},"end":{"line":59,"column":43}}]},"5":{"line":57,"type":"cond-expr","locations":[{"start":{"line":58,"column":14},"end":{"line":58,"column":52}},{"start":{"line":59,"column":14},"end":{"line":59,"column":43}}]},"6":{"line":63,"type":"switch","locations":[{"start":{"line":69,"column":4},"end":{"line":150,"column":14},"skip":true},{"start":{"line":156,"column":4},"end":{"line":478,"column":14},"skip":true}]},"7":{"line":71,"type":"if","locations":[{"start":{"line":71,"column":12},"end":{"line":71,"column":12},"skip":true},{"start":{"line":71,"column":12},"end":{"line":71,"column":12},"skip":true}]},"8":{"line":71,"type":"binary-expr","locations":[{"start":{"line":71,"column":16},"end":{"line":71,"column":22},"skip":true},{"start":{"line":71,"column":27},"end":{"line":71,"column":32},"skip":true},{"start":{"line":72,"column":20},"end":{"line":72,"column":39},"skip":true},{"start":{"line":73,"column":20},"end":{"line":73,"column":49},"skip":true},{"start":{"line":74,"column":20},"end":{"line":74,"column":58},"skip":true},{"start":{"line":75,"column":20},"end":{"line":75,"column":69},"skip":true}]},"9":{"line":80,"type":"switch","locations":[{"start":{"line":81,"column":20},"end":{"line":81,"column":33},"skip":true},{"start":{"line":82,"column":20},"end":{"line":84,"column":30},"skip":true},{"start":{"line":85,"column":20},"end":{"line":86,"column":49},"skip":true}]},"10":{"line":90,"type":"switch","locations":[{"start":{"line":91,"column":12},"end":{"line":103,"column":22},"skip":true},{"start":{"line":105,"column":12},"end":{"line":106,"column":22},"skip":true}]},"11":{"line":90,"type":"binary-expr","locations":[{"start":{"line":90,"column":20},"end":{"line":90,"column":25},"skip":true},{"start":{"line":90,"column":29},"end":{"line":90,"column":48},"skip":true},{"start":{"line":90,"column":52},"end":{"line":90,"column":74},"skip":true}]},"12":{"line":93,"type":"if","locations":[{"start":{"line":93,"column":16},"end":{"line":93,"column":16},"skip":true},{"start":{"line":93,"column":16},"end":{"line":93,"column":16},"skip":true}]},"13":{"line":108,"type":"if","locations":[{"start":{"line":108,"column":12},"end":{"line":108,"column":12},"skip":true},{"start":{"line":108,"column":12},"end":{"line":108,"column":12},"skip":true}]},"14":{"line":108,"type":"binary-expr","locations":[{"start":{"line":108,"column":16},"end":{"line":108,"column":61},"skip":true},{"start":{"line":108,"column":66},"end":{"line":108,"column":72},"skip":true},{"start":{"line":108,"column":77},"end":{"line":108,"column":82},"skip":true},{"start":{"line":109,"column":20},"end":{"line":109,"column":39},"skip":true},{"start":{"line":110,"column":20},"end":{"line":110,"column":49},"skip":true},{"start":{"line":111,"column":20},"end":{"line":111,"column":58},"skip":true},{"start":{"line":112,"column":20},"end":{"line":112,"column":68},"skip":true}]},"15":{"line":129,"type":"if","locations":[{"start":{"line":129,"column":16},"end":{"line":129,"column":16},"skip":true},{"start":{"line":129,"column":16},"end":{"line":129,"column":16},"skip":true}]},"16":{"line":134,"type":"cond-expr","locations":[{"start":{"line":135,"column":26},"end":{"line":135,"column":29},"skip":true},{"start":{"line":136,"column":26},"end":{"line":136,"column":54},"skip":true}]},"17":{"line":195,"type":"binary-expr","locations":[{"start":{"line":195,"column":27},"end":{"line":195,"column":43},"skip":true},{"start":{"line":195,"column":47},"end":{"line":195,"column":49},"skip":true}]},"18":{"line":417,"type":"binary-expr","locations":[{"start":{"line":417,"column":37},"end":{"line":417,"column":59},"skip":true},{"start":{"line":417,"column":63},"end":{"line":417,"column":65},"skip":true}]},"19":{"line":418,"type":"if","locations":[{"start":{"line":418,"column":12},"end":{"line":418,"column":12},"skip":true},{"start":{"line":418,"column":12},"end":{"line":418,"column":12},"skip":true}]},"20":{"line":428,"type":"binary-expr","locations":[{"start":{"line":428,"column":58},"end":{"line":428,"column":105},"skip":true},{"start":{"line":429,"column":12},"end":{"line":430,"column":32},"skip":true}]},"21":{"line":436,"type":"switch","locations":[{"start":{"line":437,"column":16},"end":{"line":438,"column":60},"skip":true},{"start":{"line":439,"column":16},"end":{"line":440,"column":46},"skip":true},{"start":{"line":441,"column":16},"end":{"line":442,"column":46},"skip":true},{"start":{"line":443,"column":16},"end":{"line":444,"column":35},"skip":true},{"start":{"line":445,"column":16},"end":{"line":446,"column":34},"skip":true}]},"22":{"line":450,"type":"if","locations":[{"start":{"line":450,"column":8},"end":{"line":450,"column":8},"skip":true},{"start":{"line":450,"column":8},"end":{"line":450,"column":8},"skip":true}]},"23":{"line":450,"type":"binary-expr","locations":[{"start":{"line":450,"column":12},"end":{"line":450,"column":35},"skip":true},{"start":{"line":450,"column":39},"end":{"line":450,"column":67},"skip":true}]},"24":{"line":454,"type":"binary-expr","locations":[{"start":{"line":454,"column":12},"end":{"line":454,"column":50},"skip":true},{"start":{"line":455,"column":12},"end":{"line":455,"column":53},"skip":true}]},"25":{"line":457,"type":"binary-expr","locations":[{"start":{"line":457,"column":43},"end":{"line":457,"column":75},"skip":true},{"start":{"line":457,"column":79},"end":{"line":457,"column":81},"skip":true}]},"26":{"line":460,"type":"if","locations":[{"start":{"line":460,"column":8},"end":{"line":460,"column":8},"skip":true},{"start":{"line":460,"column":8},"end":{"line":460,"column":8},"skip":true}]},"27":{"line":464,"type":"if","locations":[{"start":{"line":464,"column":8},"end":{"line":464,"column":8},"skip":true},{"start":{"line":464,"column":8},"end":{"line":464,"column":8},"skip":true}]},"28":{"line":467,"type":"binary-expr","locations":[{"start":{"line":467,"column":27},"end":{"line":467,"column":43},"skip":true},{"start":{"line":467,"column":47},"end":{"line":467,"column":53},"skip":true}]},"29":{"line":471,"type":"if","locations":[{"start":{"line":471,"column":12},"end":{"line":471,"column":12},"skip":true},{"start":{"line":471,"column":12},"end":{"line":471,"column":12},"skip":true}]}},"code":["/*","example.js","","this script will run a web-demo of npmtest-sandbox2","","instruction","    1. save this script as example.js","    2. run the shell command:","        $ npm install npmtest-sandbox2 && PORT=8081 node example.js","    3. open a browser to http://127.0.0.1:8081 and play with the web-demo","    4. edit this script to suit your needs","*/","","","","/* istanbul instrument in package npmtest_sandbox2 */","/* jslint-utility2 */","/*jslint","    bitwise: true,","    browser: true,","    maxerr: 4,","    maxlen: 100,","    node: true,","    nomen: true,","    regexp: true,","    stupid: true","*/","(function () {","    'use strict';","    var local;","","","","    // run shared js-env code - init-before","    (function () {","        // init local","        local = {};","        // init modeJs","        local.modeJs = (function () {","            try {","                return typeof navigator.userAgent === 'string' &&","                    typeof document.querySelector('body') === 'object' &&","                    typeof XMLHttpRequest.prototype.open === 'function' &&","                    'browser';","            } catch (errorCaughtBrowser) {","                return module.exports &&","                    typeof process.versions.node === 'string' &&","                    typeof require('http').createServer === 'function' &&","                    'node';","            }","        }());","        // init global","        local.global = local.modeJs === 'browser'","            ? window","            : global;","        // init utility2_rollup","        local = local.global.utility2_rollup || (local.modeJs === 'browser'","            ? local.global.utility2_npmtest_sandbox2","            : global.utility2_moduleExports);","        // init exports","        local.global.local = local;","    }());","    switch (local.modeJs) {","","","","    // run browser js-env code - init-test","    /* istanbul ignore next */","    case 'browser':","        local.testRunBrowser = function (event) {","            if (!event || (event &&","                    event.currentTarget &&","                    event.currentTarget.className &&","                    event.currentTarget.className.includes &&","                    event.currentTarget.className.includes('onreset'))) {","                // reset output","                Array.from(","                    document.querySelectorAll('body > .resettable')","                ).forEach(function (element) {","                    switch (element.tagName) {","                    case 'INPUT':","                    case 'TEXTAREA':","                        element.value = '';","                        break;","                    default:","                        element.textContent = '';","                    }","                });","            }","            switch (event && event.currentTarget && event.currentTarget.id) {","            case 'testRunButton1':","                // show tests","                if (document.querySelector('#testReportDiv1').style.maxHeight === '0px') {","                    local.uiAnimateSlideDown(document.querySelector('#testReportDiv1'));","                    document.querySelector('#testRunButton1').textContent = 'hide internal test';","                    local.modeTest = true;","                    local.testRunDefault(local);","                // hide tests","                } else {","                    local.uiAnimateSlideUp(document.querySelector('#testReportDiv1'));","                    document.querySelector('#testRunButton1').textContent = 'run internal test';","                }","                break;","            // custom-case","            default:","                break;","            }","            if (document.querySelector('#inputTextareaEval1') && (!event || (event &&","                    event.currentTarget &&","                    event.currentTarget.className &&","                    event.currentTarget.className.includes &&","                    event.currentTarget.className.includes('oneval')))) {","                // try to eval input-code","                try {","                    /*jslint evil: true*/","                    eval(document.querySelector('#inputTextareaEval1').value);","                } catch (errorCaught) {","                    console.error(errorCaught);","                }","            }","        };","        // log stderr and stdout to #outputTextareaStdout1","        ['error', 'log'].forEach(function (key) {","            console[key + '_original'] = console[key];","            console[key] = function () {","                var element;","                console[key + '_original'].apply(console, arguments);","                element = document.querySelector('#outputTextareaStdout1');","                if (!element) {","                    return;","                }","                // append text to #outputTextareaStdout1","                element.value += Array.from(arguments).map(function (arg) {","                    return typeof arg === 'string'","                        ? arg","                        : JSON.stringify(arg, null, 4);","                }).join(' ') + '\\n';","                // scroll textarea to bottom","                element.scrollTop = element.scrollHeight;","            };","        });","        // init event-handling","        ['change', 'click', 'keyup'].forEach(function (event) {","            Array.from(document.querySelectorAll('.on' + event)).forEach(function (element) {","                element.addEventListener(event, local.testRunBrowser);","            });","        });","        // run tests","        local.testRunBrowser();","        break;","","","","    // run node js-env code - init-test","    /* istanbul ignore next */","    case 'node':","        // init exports","        module.exports = local;","        // require builtins","        // local.assert = require('assert');","        local.buffer = require('buffer');","        local.child_process = require('child_process');","        local.cluster = require('cluster');","        local.console = require('console');","        local.constants = require('constants');","        local.crypto = require('crypto');","        local.dgram = require('dgram');","        local.dns = require('dns');","        local.domain = require('domain');","        local.events = require('events');","        local.fs = require('fs');","        local.http = require('http');","        local.https = require('https');","        local.module = require('module');","        local.net = require('net');","        local.os = require('os');","        local.path = require('path');","        local.process = require('process');","        local.punycode = require('punycode');","        local.querystring = require('querystring');","        local.readline = require('readline');","        local.repl = require('repl');","        local.stream = require('stream');","        local.string_decoder = require('string_decoder');","        local.timers = require('timers');","        local.tls = require('tls');","        local.tty = require('tty');","        local.url = require('url');","        local.util = require('util');","        local.v8 = require('v8');","        local.vm = require('vm');","        local.zlib = require('zlib');","/* validateLineSortedReset */","        // init assets","        local.assetsDict = local.assetsDict || {};","        /* jslint-ignore-begin */","        local.assetsDict['/assets.index.template.html'] = '\\","<!doctype html>\\n\\","<html lang=\"en\">\\n\\","<head>\\n\\","<meta charset=\"UTF-8\">\\n\\","<meta name=\"viewport\" content=\"width=device-width, initial-scale=1\">\\n\\","<!-- \"assets.index.default.template.html\" -->\\n\\","<title>{{env.npm_package_name}} (v{{env.npm_package_version}})</title>\\n\\","<style>\\n\\","/* jslint-utility2 */\\n\\","/*csslint\\n\\","*/\\n\\","/* jslint-ignore-begin */\\n\\","*,\\n\\","*:after,\\n\\","*:before {\\n\\","    box-sizing: border-box;\\n\\","}\\n\\","/* jslint-ignore-end */\\n\\","@keyframes uiAnimateShake {\\n\\","    0%, 50% {\\n\\","        transform: translateX(10px);\\n\\","    }\\n\\","    25%, 75% {\\n\\","        transform: translateX(-10px);\\n\\","    }\\n\\","    100% {\\n\\","        transform: translateX(0);\\n\\","    }\\n\\","}\\n\\","@keyframes uiAnimateSpin {\\n\\","    0% {\\n\\","        transform: rotate(0deg);\\n\\","    }\\n\\","    100% {\\n\\","        transform: rotate(360deg);\\n\\","    }\\n\\","}\\n\\","a {\\n\\","    overflow-wrap: break-word;\\n\\","}\\n\\","body > div,\\n\\","body > pre,\\n\\","body > textarea,\\n\\","body > .button {\\n\\","    margin-bottom: 20px;\\n\\","}\\n\\","body > textarea {\\n\\","    height: 10rem;\\n\\","    width: 100%;\\n\\","}\\n\\","body > textarea[readonly] {\\n\\","    background: #ddd;\\n\\","}\\n\\","body > .button {\\n\\","    width: 20rem;\\n\\","}\\n\\","code,\\n\\","pre,\\n\\","textarea {\\n\\","    font-family: Consolas, Menlo, monospace;\\n\\","    font-size: small;\\n\\","}\\n\\","pre {\\n\\","    overflow-wrap: break-word;\\n\\","    white-space: pre-wrap;\\n\\","}\\n\\","textarea {\\n\\","    overflow: auto;\\n\\","    white-space: pre;\\n\\","}\\n\\",".button {\\n\\","    background-color: #fff;\\n\\","    border: 1px solid;\\n\\","    border-bottom-color: rgb(186, 186, 186);\\n\\","    border-left-color: rgb(209, 209, 209);\\n\\","    border-radius: 4px;\\n\\","    border-right-color: rgb(209, 209, 209);\\n\\","    border-top-color: rgb(216, 216, 216);\\n\\","    color: #00d;\\n\\","    cursor: pointer;\\n\\","    display: inline-block;\\n\\","    font-family: Arial, Helvetica, sans-serif;\\n\\","    font-size: 12px;\\n\\","    font-style: normal;\\n\\","    font-weight: normal;\\n\\","    margin: 0;\\n\\","    padding: 2px 7px 3px 7px;\\n\\","    text-align: center;\\n\\","    text-decoration: underline;\\n\\","}\\n\\",".colorError {\\n\\","    color: #d00;\\n\\","}\\n\\",".uiAnimateShake {\\n\\","    animation-duration: 500ms;\\n\\","    animation-name: uiAnimateShake;\\n\\","}\\n\\",".uiAnimateSlide {\\n\\","    overflow-y: hidden;\\n\\","    transition: max-height ease-in 250ms, min-height ease-in 250ms, padding-bottom ease-in 250ms, padding-top ease-in 250ms;\\n\\","}\\n\\",".utility2FooterDiv {\\n\\","    text-align: center;\\n\\","}\\n\\",".zeroPixel {\\n\\","    border: 0;\\n\\","    height: 0;\\n\\","    margin: 0;\\n\\","    padding: 0;\\n\\","    width: 0;\\n\\","}\\n\\","</style>\\n\\","</head>\\n\\","<body style=\"background: #eef; font-family: Arial, Helvetica, sans-serif; margin: 0 40px;\">\\n\\","<div id=\"ajaxProgressDiv1\" style=\"background: #d00; height: 2px; left: 0; margin: 0; padding: 0; position: fixed; top: 0; transition: background 500ms, width 1500ms; width: 0%; z-index: 1;\"></div>\\n\\","<div class=\"uiAnimateSpin\" style=\"animation: uiAnimateSpin 2s linear infinite; border: 5px solid #999; border-radius: 50%; border-top: 5px solid #7d7; display: none; height: 25px; vertical-align: middle; width: 25px;\"></div>\\n\\","<code style=\"display: none;\"></code><div class=\"button uiAnimateShake uiAnimateSlide utility2FooterDiv zeroPixel\" style=\"display: none;\"></div><pre style=\"display: none;\"></pre><textarea readonly style=\"display: none;\"></textarea>\\n\\","<script>\\n\\","/* jslint-utility2 */\\n\\","/*jslint\\n\\","    bitwise: true,\\n\\","    browser: true,\\n\\","    maxerr: 4,\\n\\","    maxlen: 100,\\n\\","    node: true,\\n\\","    nomen: true,\\n\\","    regexp: true,\\n\\","    stupid: true\\n\\","*/\\n\\","(function () {\\n\\","    \"use strict\";\\n\\","    var ajaxProgressDiv1,\\n\\","        ajaxProgressState,\\n\\","        ajaxProgressUpdate,\\n\\","        timerIntervalAjaxProgressUpdate;\\n\\","    ajaxProgressDiv1 = document.querySelector(\"#ajaxProgressDiv1\");\\n\\","    setTimeout(function () {\\n\\","        ajaxProgressDiv1.style.width = \"25%\";\\n\\","    });\\n\\","    ajaxProgressState = 0;\\n\\","    ajaxProgressUpdate = (window.local &&\\n\\","        window.local.ajaxProgressUpdate) || function () {\\n\\","        ajaxProgressDiv1.style.width = \"100%\";\\n\\","        setTimeout(function () {\\n\\","            ajaxProgressDiv1.style.background = \"transparent\";\\n\\","            setTimeout(function () {\\n\\","                ajaxProgressDiv1.style.width = \"0%\";\\n\\","            }, 500);\\n\\","        }, 1500);\\n\\","    };\\n\\","    timerIntervalAjaxProgressUpdate = setInterval(function () {\\n\\","        ajaxProgressState += 1;\\n\\","        ajaxProgressDiv1.style.width = Math.max(\\n\\","            100 - 75 * Math.exp(-0.125 * ajaxProgressState),\\n\\","            Number(ajaxProgressDiv1.style.width.slice(0, -1)) || 0\\n\\","        ) + \"%\";\\n\\","    }, 1000);\\n\\","    window.addEventListener(\"load\", function () {\\n\\","        clearInterval(timerIntervalAjaxProgressUpdate);\\n\\","        ajaxProgressUpdate();\\n\\","    });\\n\\","}());\\n\\","</script>\\n\\","<h1>\\n\\","<!-- utility2-comment\\n\\","    <a\\n\\","        {{#if env.npm_package_homepage}}\\n\\","        href=\"{{env.npm_package_homepage}}\"\\n\\","        {{/if env.npm_package_homepage}}\\n\\","        target=\"_blank\"\\n\\","    >\\n\\","utility2-comment -->\\n\\","        {{env.npm_package_name}} (v{{env.npm_package_version}})\\n\\","<!-- utility2-comment\\n\\","    </a>\\n\\","utility2-comment -->\\n\\","</h1>\\n\\","<h3>{{env.npm_package_description}}</h3>\\n\\","<!-- utility2-comment\\n\\","<a class=\"button\" download href=\"assets.app.js\">download standalone app</a><br>\\n\\","<button class=\"button onclick onreset\" id=\"testRunButton1\">run internal test</button><br>\\n\\","<div class=\"uiAnimateSlide\" id=\"testReportDiv1\" style=\"border-bottom: 0; border-top: 0; margin-bottom: 0; margin-top: 0; max-height: 0; padding-bottom: 0; padding-top: 0;\"></div>\\n\\","utility2-comment -->\\n\\","\\n\\","\\n\\","\\n\\","<label>stderr and stdout</label>\\n\\","<textarea class=\"resettable\" id=\"outputTextareaStdout1\" readonly></textarea>\\n\\","<!-- utility2-comment\\n\\","{{#if isRollup}}\\n\\","<script src=\"assets.app.js\"></script>\\n\\","{{#unless isRollup}}\\n\\","utility2-comment -->\\n\\","<script src=\"assets.utility2.rollup.js\"></script>\\n\\","<script>window.utility2.onResetBefore.counter += 1;</script>\\n\\","<script src=\"jsonp.utility2.stateInit?callback=window.utility2.stateInit\"></script>\\n\\","<script src=\"assets.npmtest_sandbox2.js\"></script>\\n\\","<script src=\"assets.example.js\"></script>\\n\\","<script src=\"assets.test.js\"></script>\\n\\","<script>window.utility2.onResetBefore();</script>\\n\\","<!-- utility2-comment\\n\\","{{/if isRollup}}\\n\\","utility2-comment -->\\n\\","<div class=\"utility2FooterDiv\">\\n\\","    [ this app was created with\\n\\","    <a href=\"https://github.com/kaizhu256/node-utility2\" target=\"_blank\">utility2</a>\\n\\","    ]\\n\\","</div>\\n\\","</body>\\n\\","</html>\\n\\","';","        /* jslint-ignore-end */","        [","            'assets.index.css',","            'assets.index.template.html',","            'assets.swgg.swagger.json',","            'assets.swgg.swagger.server.json'","        ].forEach(function (file) {","            file = '/' + file;","            local.assetsDict[file] = local.assetsDict[file] || '';","            if (local.fs.existsSync(local.__dirname + file)) {","                local.assetsDict[file] = local.fs.readFileSync(","                    local.__dirname + file,","                    'utf8'","                );","            }","        });","/* validateLineSortedReset */","        // bug-workaround - long $npm_package_buildCustomOrg","        /* jslint-ignore-begin */","        local.assetsDict['/assets.npmtest_sandbox2.js'] = local.assetsDict['/assets.npmtest_sandbox2.js'] ||","            local.fs.readFileSync(local.__dirname + '/lib.npmtest_sandbox2.js', 'utf8'","        ).replace((/^#!/), '//');","/* validateLineSortedReset */","        local.assetsDict['/'] =","            local.assetsDict['/assets.example.html'] =","            local.assetsDict['/assets.index.template.html']","            .replace((/\\{\\{env\\.(\\w+?)\\}\\}/g), function (match0, match1) {","                switch (match1) {","                case 'npm_package_description':","                    return 'the greatest app in the world!';","                case 'npm_package_name':","                    return 'npmtest-sandbox2';","                case 'npm_package_nameLib':","                    return 'npmtest_sandbox2';","                case 'npm_package_version':","                    return '0.0.1';","                default:","                    return match0;","                }","            });","        // init cli","        if (module !== require.main || local.global.utility2_rollup) {","            break;","        }","        local.assetsDict['/assets.example.js'] =","            local.assetsDict['/assets.example.js'] ||","            local.fs.readFileSync(__filename, 'utf8');","        /* jslint-ignore-end */","        local.assetsDict['/favicon.ico'] = local.assetsDict['/favicon.ico'] || '';","        // if $npm_config_timeout_exit exists,","        // then exit this process after $npm_config_timeout_exit ms","        if (Number(process.env.npm_config_timeout_exit)) {","            setTimeout(process.exit, Number(process.env.npm_config_timeout_exit));","        }","        // start server","        if (local.global.utility2_serverHttp1) {","            break;","        }","        process.env.PORT = process.env.PORT || '8081';","        console.error('server starting on port ' + process.env.PORT);","        local.http.createServer(function (request, response) {","            request.urlParsed = local.url.parse(request.url);","            if (local.assetsDict[request.urlParsed.pathname] !== undefined) {","                response.end(local.assetsDict[request.urlParsed.pathname]);","                return;","            }","            response.statusCode = 404;","            response.end();","        }).listen(process.env.PORT);","        break;","    }","}());",""],"l":{"28":2,"30":2,"35":2,"37":2,"39":2,"40":2,"41":2,"46":1,"53":2,"57":2,"61":2,"63":2,"70":1,"71":2,"77":2,"80":2,"83":2,"84":2,"86":1,"90":2,"93":1,"94":1,"95":1,"96":1,"97":1,"100":1,"101":1,"103":1,"106":1,"108":2,"114":1,"116":1,"118":1,"123":1,"124":2,"125":2,"126":27,"127":27,"128":27,"129":27,"130":1,"133":27,"134":27,"139":27,"143":1,"144":3,"145":1,"149":1,"150":1,"158":1,"161":1,"162":1,"163":1,"164":1,"165":1,"166":1,"167":1,"168":1,"169":1,"170":1,"171":1,"172":1,"173":1,"174":1,"175":1,"176":1,"177":1,"178":1,"179":1,"180":1,"181":1,"182":1,"183":1,"184":1,"185":1,"186":1,"187":1,"188":1,"189":1,"190":1,"191":1,"192":1,"195":1,"197":1,"410":1,"416":4,"417":4,"418":4,"419":1,"428":1,"432":1,"436":6,"438":1,"440":2,"442":1,"444":2,"446":1,"450":1,"451":1,"453":1,"457":1,"460":1,"461":1,"464":1,"465":1,"467":1,"468":1,"469":1,"470":1,"471":1,"472":1,"473":1,"475":1,"476":1,"478":1}},"/home/travis/build/npmtest/node-npmtest-sandbox2/node_modules/sandbox2/lib.sandbox2.js":{"path":"/home/travis/build/npmtest/node-npmtest-sandbox2/node_modules/sandbox2/lib.sandbox2.js","s":{"1":1,"2":1,"3":1,"4":1,"5":1,"6":1,"7":1,"8":1,"9":1,"10":1,"11":1,"12":0,"13":0,"14":1,"15":0,"16":1,"17":1,"18":1,"19":1,"20":1,"21":1,"22":1,"23":1,"24":1,"25":1,"26":1,"27":1,"28":1,"29":1,"30":1,"31":1,"32":1,"33":1,"34":1,"35":1,"36":1,"37":1,"38":1,"39":1,"40":1,"41":1,"42":1,"43":1,"44":1,"45":1,"46":1,"47":1,"48":1,"49":1,"50":1},"b":{"1":[1,0,0,0],"2":[1,1,1,1],"3":[0,1],"4":[1,1],"5":[0,1],"6":[0,0,0],"7":[0,1]},"f":{"1":1,"2":1,"3":1},"fnMap":{"1":{"name":"(anonymous_1)","line":13,"loc":{"start":{"line":13,"column":1},"end":{"line":13,"column":13}}},"2":{"name":"(anonymous_2)","line":20,"loc":{"start":{"line":20,"column":5},"end":{"line":20,"column":17}}},"3":{"name":"(anonymous_3)","line":24,"loc":{"start":{"line":24,"column":24},"end":{"line":24,"column":36}}}},"statementMap":{"1":{"start":{"line":13,"column":0},"end":{"line":95,"column":5}},"2":{"start":{"line":15,"column":4},"end":{"line":15,"column":14}},"3":{"start":{"line":20,"column":4},"end":{"line":94,"column":9}},"4":{"start":{"line":22,"column":8},"end":{"line":22,"column":19}},"5":{"start":{"line":24,"column":8},"end":{"line":36,"column":13}},"6":{"start":{"line":25,"column":12},"end":{"line":35,"column":13}},"7":{"start":{"line":26,"column":16},"end":{"line":29,"column":30}},"8":{"start":{"line":31,"column":16},"end":{"line":34,"column":27}},"9":{"start":{"line":38,"column":8},"end":{"line":40,"column":21}},"10":{"start":{"line":42,"column":8},"end":{"line":42,"column":54}},"11":{"start":{"line":44,"column":8},"end":{"line":49,"column":9},"skip":true},"12":{"start":{"line":45,"column":12},"end":{"line":47,"column":55},"skip":true},"13":{"start":{"line":48,"column":12},"end":{"line":48,"column":28},"skip":true},"14":{"start":{"line":51,"column":8},"end":{"line":91,"column":9}},"15":{"start":{"line":52,"column":12},"end":{"line":52,"column":51}},"16":{"start":{"line":56,"column":12},"end":{"line":56,"column":45}},"17":{"start":{"line":57,"column":12},"end":{"line":57,"column":59}},"18":{"start":{"line":58,"column":12},"end":{"line":58,"column":47}},"19":{"start":{"line":59,"column":12},"end":{"line":59,"column":47}},"20":{"start":{"line":60,"column":12},"end":{"line":60,"column":51}},"21":{"start":{"line":61,"column":12},"end":{"line":61,"column":45}},"22":{"start":{"line":62,"column":12},"end":{"line":62,"column":43}},"23":{"start":{"line":63,"column":12},"end":{"line":63,"column":39}},"24":{"start":{"line":64,"column":12},"end":{"line":64,"column":45}},"25":{"start":{"line":65,"column":12},"end":{"line":65,"column":45}},"26":{"start":{"line":66,"column":12},"end":{"line":66,"column":37}},"27":{"start":{"line":67,"column":12},"end":{"line":67,"column":41}},"28":{"start":{"line":68,"column":12},"end":{"line":68,"column":43}},"29":{"start":{"line":69,"column":12},"end":{"line":69,"column":45}},"30":{"start":{"line":70,"column":12},"end":{"line":70,"column":39}},"31":{"start":{"line":71,"column":12},"end":{"line":71,"column":37}},"32":{"start":{"line":72,"column":12},"end":{"line":72,"column":41}},"33":{"start":{"line":73,"column":12},"end":{"line":73,"column":47}},"34":{"start":{"line":74,"column":12},"end":{"line":74,"column":49}},"35":{"start":{"line":75,"column":12},"end":{"line":75,"column":55}},"36":{"start":{"line":76,"column":12},"end":{"line":76,"column":49}},"37":{"start":{"line":77,"column":12},"end":{"line":77,"column":41}},"38":{"start":{"line":78,"column":12},"end":{"line":78,"column":45}},"39":{"start":{"line":79,"column":12},"end":{"line":79,"column":61}},"40":{"start":{"line":80,"column":12},"end":{"line":80,"column":45}},"41":{"start":{"line":81,"column":12},"end":{"line":81,"column":39}},"42":{"start":{"line":82,"column":12},"end":{"line":82,"column":39}},"43":{"start":{"line":83,"column":12},"end":{"line":83,"column":39}},"44":{"start":{"line":84,"column":12},"end":{"line":84,"column":41}},"45":{"start":{"line":85,"column":12},"end":{"line":85,"column":37}},"46":{"start":{"line":86,"column":12},"end":{"line":86,"column":37}},"47":{"start":{"line":87,"column":12},"end":{"line":87,"column":41}},"48":{"start":{"line":89,"column":12},"end":{"line":89,"column":35}},"49":{"start":{"line":90,"column":12},"end":{"line":90,"column":49}},"50":{"start":{"line":93,"column":8},"end":{"line":93,"column":45}}},"branchMap":{"1":{"line":26,"type":"binary-expr","locations":[{"start":{"line":26,"column":23},"end":{"line":26,"column":62}},{"start":{"line":27,"column":20},"end":{"line":27,"column":70}},{"start":{"line":28,"column":20},"end":{"line":28,"column":71}},{"start":{"line":29,"column":20},"end":{"line":29,"column":29}}]},"2":{"line":31,"type":"binary-expr","locations":[{"start":{"line":31,"column":23},"end":{"line":31,"column":37}},{"start":{"line":32,"column":20},"end":{"line":32,"column":61}},{"start":{"line":33,"column":20},"end":{"line":33,"column":70}},{"start":{"line":34,"column":20},"end":{"line":34,"column":26}}]},"3":{"line":38,"type":"cond-expr","locations":[{"start":{"line":39,"column":14},"end":{"line":39,"column":20}},{"start":{"line":40,"column":14},"end":{"line":40,"column":20}}]},"4":{"line":42,"type":"binary-expr","locations":[{"start":{"line":42,"column":16},"end":{"line":42,"column":44}},{"start":{"line":42,"column":48},"end":{"line":42,"column":53}}]},"5":{"line":44,"type":"if","locations":[{"start":{"line":44,"column":8},"end":{"line":44,"column":8},"skip":true},{"start":{"line":44,"column":8},"end":{"line":44,"column":8},"skip":true}]},"6":{"line":45,"type":"binary-expr","locations":[{"start":{"line":45,"column":20},"end":{"line":45,"column":48},"skip":true},{"start":{"line":46,"column":16},"end":{"line":46,"column":48},"skip":true},{"start":{"line":47,"column":16},"end":{"line":47,"column":54},"skip":true}]},"7":{"line":51,"type":"if","locations":[{"start":{"line":51,"column":8},"end":{"line":51,"column":8}},{"start":{"line":51,"column":8},"end":{"line":51,"column":8}}]}},"code":["/* istanbul instrument in package sandbox2 */","/* jslint-utility2 */","/*jslint","    bitwise: true,","    browser: true,","    maxerr: 4,","    maxlen: 100,","    node: true,","    nomen: true,","    regexp: true,","    stupid: true","*/","(function () {","    'use strict';","    var local;","","","","    // run shared js-env code - init-before","    (function () {","        // init local","        local = {};","        // init modeJs","        local.modeJs = (function () {","            try {","                return typeof navigator.userAgent === 'string' &&","                    typeof document.querySelector('body') === 'object' &&","                    typeof XMLHttpRequest.prototype.open === 'function' &&","                    'browser';","            } catch (errorCaughtBrowser) {","                return module.exports &&","                    typeof process.versions.node === 'string' &&","                    typeof require('http').createServer === 'function' &&","                    'node';","            }","        }());","        // init global","        local.global = local.modeJs === 'browser'","            ? window","            : global;","        // init utility2_rollup","        local = local.global.utility2_rollup || local;","        /* istanbul ignore next */","        if (!local) {","            local = local.global.utility2_rollup ||","                local.global.utility2_rollup_old ||","                require('./assets.utility2.rollup.js');","            local.fs = null;","        }","        // init exports","        if (local.modeJs === 'browser') {","            local.global.utility2_sandbox2 = local;","        } else {","            // require builtins","            // local.assert = require('assert');","            local.buffer = require('buffer');","            local.child_process = require('child_process');","            local.cluster = require('cluster');","            local.console = require('console');","            local.constants = require('constants');","            local.crypto = require('crypto');","            local.dgram = require('dgram');","            local.dns = require('dns');","            local.domain = require('domain');","            local.events = require('events');","            local.fs = require('fs');","            local.http = require('http');","            local.https = require('https');","            local.module = require('module');","            local.net = require('net');","            local.os = require('os');","            local.path = require('path');","            local.process = require('process');","            local.punycode = require('punycode');","            local.querystring = require('querystring');","            local.readline = require('readline');","            local.repl = require('repl');","            local.stream = require('stream');","            local.string_decoder = require('string_decoder');","            local.timers = require('timers');","            local.tls = require('tls');","            local.tty = require('tty');","            local.url = require('url');","            local.util = require('util');","            local.v8 = require('v8');","            local.vm = require('vm');","            local.zlib = require('zlib');","/* validateLineSortedReset */","            module.exports = local;","            module.exports.__dirname = __dirname;","        }","        // init lib","        local.local = local.sandbox2 = local;","    }());","}());",""],"l":{"13":1,"15":1,"20":1,"22":1,"24":1,"25":1,"26":1,"31":1,"38":1,"42":1,"44":1,"45":1,"48":1,"51":1,"52":0,"56":1,"57":1,"58":1,"59":1,"60":1,"61":1,"62":1,"63":1,"64":1,"65":1,"66":1,"67":1,"68":1,"69":1,"70":1,"71":1,"72":1,"73":1,"74":1,"75":1,"76":1,"77":1,"78":1,"79":1,"80":1,"81":1,"82":1,"83":1,"84":1,"85":1,"86":1,"87":1,"89":1,"90":1,"93":1}}}